{"D:\\eadel-back\\src\\app.module.ts": {"path":"D:\\eadel-back\\src\\app.module.ts","statementMap":{"0":{"start":{"line":1,"column":0},"end":{"line":1,"column":null}},"1":{"start":{"line":7,"column":0},"end":{"line":7,"column":46}},"2":{"start":{"line":8,"column":0},"end":{"line":8,"column":48}},"3":{"start":{"line":9,"column":0},"end":{"line":9,"column":27}},"4":{"start":{"line":10,"column":0},"end":{"line":10,"column":51}},"5":{"start":{"line":11,"column":0},"end":{"line":11,"column":60}},"6":{"start":{"line":12,"column":0},"end":{"line":12,"column":48}},"7":{"start":{"line":13,"column":0},"end":{"line":13,"column":68}},"8":{"start":{"line":14,"column":0},"end":{"line":14,"column":48}},"9":{"start":{"line":15,"column":0},"end":{"line":15,"column":63}},"10":{"start":{"line":16,"column":0},"end":{"line":16,"column":54}},"11":{"start":{"line":17,"column":0},"end":{"line":17,"column":54}},"12":{"start":{"line":18,"column":0},"end":{"line":18,"column":78}},"13":{"start":{"line":19,"column":0},"end":{"line":19,"column":29}},"14":{"start":{"line":20,"column":0},"end":{"line":20,"column":69}},"15":{"start":{"line":22,"column":21},"end":{"line":22,"column":32}},"16":{"start":{"line":81,"column":0},"end":{"line":88,"column":null}},"17":{"start":{"line":83,"column":4},"end":{"line":86,"column":7}},"18":{"start":{"line":81,"column":13},"end":{"line":88,"column":null}},"19":{"start":{"line":55,"column":25},"end":{"line":55,"column":47}},"20":{"start":{"line":81,"column":13},"end":{"line":81,"column":22}}},"fnMap":{"0":{"name":"(anonymous_1)","decl":{"start":{"line":82,"column":2},"end":{"line":82,"column":11}},"loc":{"start":{"line":82,"column":40},"end":{"line":87,"column":3}}},"1":{"name":"(anonymous_2)","decl":{"start":{"line":55,"column":15},"end":{"line":55,"column":16}},"loc":{"start":{"line":55,"column":25},"end":{"line":55,"column":47}}}},"branchMap":{"0":{"loc":{"start":{"line":28,"column":40},"end":{"line":28,"column":50}},"type":"cond-expr","locations":[{"start":{"line":28,"column":40},"end":{"line":28,"column":50}},{"start":{"line":28,"column":53},"end":{"line":28,"column":64}}]}},"s":{"0":0,"1":0,"2":0,"3":0,"4":0,"5":0,"6":0,"7":0,"8":0,"9":0,"10":0,"11":0,"12":0,"13":0,"14":0,"15":0,"16":0,"17":0,"18":0,"19":0,"20":0},"f":{"0":0,"1":0},"b":{"0":[0,0]}}
,"D:\\eadel-back\\src\\main.ts": {"path":"D:\\eadel-back\\src\\main.ts","statementMap":{"0":{"start":{"line":1,"column":0},"end":{"line":1,"column":43}},"1":{"start":{"line":2,"column":0},"end":{"line":2,"column":47}},"2":{"start":{"line":3,"column":0},"end":{"line":3,"column":41}},"3":{"start":{"line":6,"column":14},"end":{"line":6,"column":49}},"4":{"start":{"line":7,"column":24},"end":{"line":7,"column":46}},"5":{"start":{"line":8,"column":15},"end":{"line":8,"column":52}},"6":{"start":{"line":9,"column":2},"end":{"line":9,"column":33}},"7":{"start":{"line":11,"column":0},"end":{"line":11,"column":12}}},"fnMap":{"0":{"name":"bootstrap","decl":{"start":{"line":5,"column":15},"end":{"line":5,"column":24}},"loc":{"start":{"line":5,"column":24},"end":{"line":10,"column":1}}}},"branchMap":{"0":{"loc":{"start":{"line":9,"column":19},"end":{"line":9,"column":23}},"type":"binary-expr","locations":[{"start":{"line":9,"column":19},"end":{"line":9,"column":23}},{"start":{"line":9,"column":27},"end":{"line":9,"column":31}}]}},"s":{"0":0,"1":0,"2":0,"3":0,"4":0,"5":0,"6":0,"7":0},"f":{"0":0},"b":{"0":[0,0]}}
,"D:\\eadel-back\\src\\auth\\auth.guard.ts": {"path":"D:\\eadel-back\\src\\auth\\auth.guard.ts","statementMap":{"0":{"start":{"line":1,"column":0},"end":{"line":1,"column":75}},"1":{"start":{"line":3,"column":0},"end":{"line":3,"column":54}},"2":{"start":{"line":6,"column":0},"end":{"line":17,"column":null}},"3":{"start":{"line":10,"column":23},"end":{"line":10,"column":71}},"4":{"start":{"line":11,"column":21},"end":{"line":11,"column":31}},"5":{"start":{"line":12,"column":4},"end":{"line":14,"column":null}},"6":{"start":{"line":13,"column":6},"end":{"line":13,"column":19}},"7":{"start":{"line":15,"column":4},"end":{"line":15,"column":16}},"8":{"start":{"line":6,"column":13},"end":{"line":17,"column":null}},"9":{"start":{"line":6,"column":13},"end":{"line":6,"column":22}}},"fnMap":{"0":{"name":"(anonymous_1)","decl":{"start":{"line":7,"column":2},"end":{"line":7,"column":13}},"loc":{"start":{"line":8,"column":29},"end":{"line":16,"column":3}}}},"branchMap":{"0":{"loc":{"start":{"line":12,"column":4},"end":{"line":14,"column":null}},"type":"if","locations":[{"start":{"line":12,"column":4},"end":{"line":14,"column":null}},{"start":{"line":12,"column":4},"end":{"line":14,"column":null}}]}},"s":{"0":0,"1":0,"2":0,"3":0,"4":0,"5":0,"6":0,"7":0,"8":0,"9":0},"f":{"0":0},"b":{"0":[0,0]}}
,"D:\\eadel-back\\src\\auth\\decorators\\user.decorator.ts": {"path":"D:\\eadel-back\\src\\auth\\decorators\\user.decorator.ts","statementMap":{"0":{"start":{"line":1,"column":0},"end":{"line":1,"column":72}},"1":{"start":{"line":2,"column":0},"end":{"line":2,"column":54}},"2":{"start":{"line":4,"column":13},"end":{"line":10,"column":2}},"3":{"start":{"line":6,"column":23},"end":{"line":6,"column":67}},"4":{"start":{"line":7,"column":21},"end":{"line":7,"column":31}},"5":{"start":{"line":8,"column":4},"end":{"line":8,"column":16}}},"fnMap":{"0":{"name":"(anonymous_0)","decl":{"start":{"line":5,"column":2},"end":{"line":5,"column":3}},"loc":{"start":{"line":5,"column":43},"end":{"line":9,"column":3}}}},"branchMap":{},"s":{"0":0,"1":0,"2":0,"3":0,"4":0,"5":0},"f":{"0":0},"b":{}}
,"D:\\eadel-back\\src\\email\\email.module.ts": {"path":"D:\\eadel-back\\src\\email\\email.module.ts","statementMap":{"0":{"start":{"line":1,"column":0},"end":{"line":1,"column":40}},"1":{"start":{"line":2,"column":0},"end":{"line":2,"column":56}},"2":{"start":{"line":3,"column":0},"end":{"line":3,"column":48}},"3":{"start":{"line":4,"column":0},"end":{"line":4,"column":58}},"4":{"start":{"line":5,"column":0},"end":{"line":5,"column":63}},"5":{"start":{"line":6,"column":0},"end":{"line":6,"column":69}},"6":{"start":{"line":13,"column":0},"end":{"line":13,"column":null}},"7":{"start":{"line":13,"column":13},"end":{"line":13,"column":null}},"8":{"start":{"line":13,"column":13},"end":{"line":13,"column":24}}},"fnMap":{},"branchMap":{},"s":{"0":0,"1":0,"2":0,"3":0,"4":0,"5":0,"6":0,"7":0,"8":0},"f":{},"b":{}}
,"D:\\eadel-back\\src\\email\\email.resolver.ts": {"path":"D:\\eadel-back\\src\\email\\email.resolver.ts","statementMap":{"0":{"start":{"line":1,"column":0},"end":{"line":1,"column":59}},"1":{"start":{"line":2,"column":0},"end":{"line":2,"column":63}},"2":{"start":{"line":3,"column":0},"end":{"line":3,"column":56}},"3":{"start":{"line":4,"column":0},"end":{"line":4,"column":65}},"4":{"start":{"line":5,"column":0},"end":{"line":5,"column":65}},"5":{"start":{"line":6,"column":0},"end":{"line":6,"column":59}},"6":{"start":{"line":7,"column":0},"end":{"line":7,"column":60}},"7":{"start":{"line":8,"column":0},"end":{"line":8,"column":59}},"8":{"start":{"line":9,"column":0},"end":{"line":9,"column":49}},"9":{"start":{"line":12,"column":0},"end":{"line":37,"column":null}},"10":{"start":{"line":13,"column":31},"end":{"line":13,"column":45}},"11":{"start":{"line":22,"column":4},"end":{"line":29,"column":null}},"12":{"start":{"line":23,"column":6},"end":{"line":23,"column":79}},"13":{"start":{"line":25,"column":6},"end":{"line":28,"column":8}},"14":{"start":{"line":35,"column":4},"end":{"line":35,"column":44}},"15":{"start":{"line":18,"column":2},"end":{"line":30,"column":null}},"16":{"start":{"line":15,"column":18},"end":{"line":15,"column":30}},"17":{"start":{"line":34,"column":2},"end":{"line":36,"column":null}},"18":{"start":{"line":32,"column":18},"end":{"line":32,"column":30}},"19":{"start":{"line":12,"column":13},"end":{"line":37,"column":null}},"20":{"start":{"line":11,"column":16},"end":{"line":11,"column":27}},"21":{"start":{"line":12,"column":13},"end":{"line":12,"column":26}}},"fnMap":{"0":{"name":"(anonymous_4)","decl":{"start":{"line":13,"column":2},"end":{"line":13,"column":31}},"loc":{"start":{"line":13,"column":57},"end":{"line":13,"column":61}}},"1":{"name":"(anonymous_5)","decl":{"start":{"line":18,"column":2},"end":{"line":18,"column":7}},"loc":{"start":{"line":20,"column":28},"end":{"line":30,"column":3}}},"2":{"name":"(anonymous_6)","decl":{"start":{"line":34,"column":2},"end":{"line":34,"column":7}},"loc":{"start":{"line":34,"column":41},"end":{"line":36,"column":3}}},"3":{"name":"(anonymous_7)","decl":{"start":{"line":15,"column":12},"end":{"line":15,"column":15}},"loc":{"start":{"line":15,"column":18},"end":{"line":15,"column":30}}},"4":{"name":"(anonymous_8)","decl":{"start":{"line":32,"column":12},"end":{"line":32,"column":15}},"loc":{"start":{"line":32,"column":18},"end":{"line":32,"column":30}}},"5":{"name":"(anonymous_9)","decl":{"start":{"line":11,"column":10},"end":{"line":11,"column":13}},"loc":{"start":{"line":11,"column":16},"end":{"line":11,"column":27}}}},"branchMap":{},"s":{"0":0,"1":0,"2":0,"3":0,"4":0,"5":0,"6":0,"7":0,"8":0,"9":0,"10":0,"11":0,"12":0,"13":0,"14":0,"15":0,"16":0,"17":0,"18":0,"19":0,"20":0,"21":0},"f":{"0":0,"1":0,"2":0,"3":0,"4":0,"5":0},"b":{}}
,"D:\\eadel-back\\src\\email\\email.service.ts": {"path":"D:\\eadel-back\\src\\email\\email.service.ts","statementMap":{"0":{"start":{"line":1,"column":0},"end":{"line":1,"column":44}},"1":{"start":{"line":3,"column":0},"end":{"line":3,"column":51}},"2":{"start":{"line":4,"column":0},"end":{"line":4,"column":37}},"3":{"start":{"line":5,"column":0},"end":{"line":5,"column":63}},"4":{"start":{"line":7,"column":0},"end":{"line":7,"column":71}},"5":{"start":{"line":10,"column":0},"end":{"line":59,"column":null}},"6":{"start":{"line":13,"column":21},"end":{"line":13,"column":38}},"7":{"start":{"line":14,"column":21},"end":{"line":14,"column":40}},"8":{"start":{"line":18,"column":18},"end":{"line":18,"column":78}},"9":{"start":{"line":20,"column":4},"end":{"line":25,"column":null}},"10":{"start":{"line":21,"column":6},"end":{"line":24,"column":8}},"11":{"start":{"line":27,"column":4},"end":{"line":32,"column":null}},"12":{"start":{"line":28,"column":6},"end":{"line":31,"column":8}},"13":{"start":{"line":34,"column":4},"end":{"line":34,"column":28}},"14":{"start":{"line":35,"column":4},"end":{"line":35,"column":43}},"15":{"start":{"line":36,"column":4},"end":{"line":38,"column":6}},"16":{"start":{"line":42,"column":4},"end":{"line":42,"column":65}},"17":{"start":{"line":43,"column":25},"end":{"line":43,"column":68}},"18":{"start":{"line":44,"column":4},"end":{"line":44,"column":50}},"19":{"start":{"line":48,"column":18},"end":{"line":48,"column":61}},"20":{"start":{"line":49,"column":4},"end":{"line":49,"column":43}},"21":{"start":{"line":53,"column":18},"end":{"line":53,"column":62}},"22":{"start":{"line":54,"column":4},"end":{"line":54,"column":66}},"23":{"start":{"line":55,"column":4},"end":{"line":57,"column":6}},"24":{"start":{"line":10,"column":13},"end":{"line":59,"column":null}},"25":{"start":{"line":10,"column":13},"end":{"line":10,"column":25}}},"fnMap":{"0":{"name":"(anonymous_4)","decl":{"start":{"line":11,"column":2},"end":{"line":11,"column":null}},"loc":{"start":{"line":14,"column":57},"end":{"line":15,"column":6}}},"1":{"name":"(anonymous_5)","decl":{"start":{"line":17,"column":2},"end":{"line":17,"column":7}},"loc":{"start":{"line":17,"column":48},"end":{"line":39,"column":3}}},"2":{"name":"(anonymous_6)","decl":{"start":{"line":41,"column":2},"end":{"line":41,"column":7}},"loc":{"start":{"line":41,"column":36},"end":{"line":45,"column":3}}},"3":{"name":"(anonymous_7)","decl":{"start":{"line":47,"column":2},"end":{"line":47,"column":7}},"loc":{"start":{"line":47,"column":36},"end":{"line":50,"column":3}}},"4":{"name":"(anonymous_8)","decl":{"start":{"line":52,"column":2},"end":{"line":52,"column":7}},"loc":{"start":{"line":52,"column":33},"end":{"line":58,"column":3}}}},"branchMap":{"0":{"loc":{"start":{"line":20,"column":4},"end":{"line":25,"column":null}},"type":"if","locations":[{"start":{"line":20,"column":4},"end":{"line":25,"column":null}},{"start":{"line":20,"column":4},"end":{"line":25,"column":null}}]},"1":{"loc":{"start":{"line":27,"column":4},"end":{"line":32,"column":null}},"type":"if","locations":[{"start":{"line":27,"column":4},"end":{"line":32,"column":null}},{"start":{"line":27,"column":4},"end":{"line":32,"column":null}}]}},"s":{"0":1,"1":1,"2":1,"3":1,"4":1,"5":1,"6":0,"7":0,"8":0,"9":0,"10":0,"11":0,"12":0,"13":0,"14":0,"15":0,"16":0,"17":0,"18":0,"19":0,"20":0,"21":0,"22":0,"23":0,"24":1,"25":1},"f":{"0":0,"1":0,"2":0,"3":0,"4":0},"b":{"0":[0,0],"1":[0,0]}}
,"D:\\eadel-back\\src\\jwt\\jwt.module.ts": {"path":"D:\\eadel-back\\src\\jwt\\jwt.module.ts","statementMap":{"0":{"start":{"line":1,"column":0},"end":{"line":1,"column":75}},"1":{"start":{"line":3,"column":0},"end":{"line":3,"column":50}},"2":{"start":{"line":4,"column":0},"end":{"line":4,"column":64}},"3":{"start":{"line":8,"column":22},"end":{"line":22,"column":null}},"4":{"start":{"line":10,"column":4},"end":{"line":20,"column":6}},"5":{"start":{"line":8,"column":13},"end":{"line":22,"column":null}},"6":{"start":{"line":8,"column":13},"end":{"line":8,"column":22}}},"fnMap":{"0":{"name":"(anonymous_1)","decl":{"start":{"line":9,"column":2},"end":{"line":9,"column":8}},"loc":{"start":{"line":9,"column":36},"end":{"line":21,"column":3}}}},"branchMap":{},"s":{"0":0,"1":0,"2":0,"3":0,"4":0,"5":0,"6":0},"f":{"0":0},"b":{}}
,"D:\\eadel-back\\src\\jwt\\jwt.service.ts": {"path":"D:\\eadel-back\\src\\jwt\\jwt.service.ts","statementMap":{"0":{"start":{"line":1,"column":0},"end":{"line":1,"column":52}},"1":{"start":{"line":2,"column":0},"end":{"line":2,"column":64}},"2":{"start":{"line":4,"column":0},"end":{"line":4,"column":36}},"3":{"start":{"line":7,"column":0},"end":{"line":18,"column":null}},"4":{"start":{"line":8,"column":52},"end":{"line":8,"column":71}},"5":{"start":{"line":11,"column":4},"end":{"line":11,"column":53}},"6":{"start":{"line":15,"column":20},"end":{"line":15,"column":61}},"7":{"start":{"line":16,"column":4},"end":{"line":16,"column":19}},"8":{"start":{"line":7,"column":13},"end":{"line":18,"column":null}},"9":{"start":{"line":7,"column":13},"end":{"line":7,"column":23}}},"fnMap":{"0":{"name":"(anonymous_4)","decl":{"start":{"line":8,"column":2},"end":{"line":8,"column":15}},"loc":{"start":{"line":8,"column":71},"end":{"line":8,"column":75}}},"1":{"name":"(anonymous_5)","decl":{"start":{"line":10,"column":2},"end":{"line":10,"column":6}},"loc":{"start":{"line":10,"column":39},"end":{"line":12,"column":3}}},"2":{"name":"(anonymous_6)","decl":{"start":{"line":14,"column":2},"end":{"line":14,"column":8}},"loc":{"start":{"line":14,"column":22},"end":{"line":17,"column":3}}}},"branchMap":{},"s":{"0":2,"1":2,"2":2,"3":2,"4":0,"5":0,"6":0,"7":0,"8":2,"9":2},"f":{"0":0,"1":0,"2":0},"b":{}}
,"D:\\eadel-back\\src\\jwt\\constants\\jwt.constatnts.ts": {"path":"D:\\eadel-back\\src\\jwt\\constants\\jwt.constatnts.ts","statementMap":{"0":{"start":{"line":1,"column":13},"end":{"line":1,"column":43}}},"fnMap":{},"branchMap":{},"s":{"0":2},"f":{},"b":{}}
,"D:\\eadel-back\\src\\jwt\\middlewares\\jwt.middleware.ts": {"path":"D:\\eadel-back\\src\\jwt\\middlewares\\jwt.middleware.ts","statementMap":{"0":{"start":{"line":1,"column":0},"end":{"line":1,"column":60}},"1":{"start":{"line":4,"column":0},"end":{"line":4,"column":50}},"2":{"start":{"line":5,"column":0},"end":{"line":5,"column":53}},"3":{"start":{"line":9,"column":0},"end":{"line":29,"column":null}},"4":{"start":{"line":11,"column":21},"end":{"line":11,"column":33}},"5":{"start":{"line":12,"column":21},"end":{"line":12,"column":34}},"6":{"start":{"line":16,"column":4},"end":{"line":26,"column":null}},"7":{"start":{"line":17,"column":20},"end":{"line":17,"column":40}},"8":{"start":{"line":18,"column":22},"end":{"line":18,"column":62}},"9":{"start":{"line":20,"column":6},"end":{"line":25,"column":null}},"10":{"start":{"line":21,"column":25},"end":{"line":21,"column":72}},"11":{"start":{"line":22,"column":8},"end":{"line":24,"column":null}},"12":{"start":{"line":23,"column":10},"end":{"line":23,"column":35}},"13":{"start":{"line":27,"column":4},"end":{"line":27,"column":11}},"14":{"start":{"line":9,"column":13},"end":{"line":29,"column":null}},"15":{"start":{"line":9,"column":13},"end":{"line":9,"column":26}}},"fnMap":{"0":{"name":"(anonymous_2)","decl":{"start":{"line":10,"column":2},"end":{"line":10,"column":null}},"loc":{"start":{"line":12,"column":45},"end":{"line":13,"column":6}}},"1":{"name":"(anonymous_3)","decl":{"start":{"line":15,"column":2},"end":{"line":15,"column":7}},"loc":{"start":{"line":15,"column":67},"end":{"line":28,"column":3}}}},"branchMap":{"0":{"loc":{"start":{"line":16,"column":4},"end":{"line":26,"column":null}},"type":"if","locations":[{"start":{"line":16,"column":4},"end":{"line":26,"column":null}},{"start":{"line":16,"column":4},"end":{"line":26,"column":null}}]},"1":{"loc":{"start":{"line":20,"column":6},"end":{"line":25,"column":null}},"type":"if","locations":[{"start":{"line":20,"column":6},"end":{"line":25,"column":null}},{"start":{"line":20,"column":6},"end":{"line":25,"column":null}}]},"2":{"loc":{"start":{"line":20,"column":10},"end":{"line":20,"column":37}},"type":"binary-expr","locations":[{"start":{"line":20,"column":10},"end":{"line":20,"column":37}},{"start":{"line":20,"column":41},"end":{"line":20,"column":69}}]},"3":{"loc":{"start":{"line":22,"column":8},"end":{"line":24,"column":null}},"type":"if","locations":[{"start":{"line":22,"column":8},"end":{"line":24,"column":null}},{"start":{"line":22,"column":8},"end":{"line":24,"column":null}}]}},"s":{"0":0,"1":0,"2":0,"3":0,"4":0,"5":0,"6":0,"7":0,"8":0,"9":0,"10":0,"11":0,"12":0,"13":0,"14":0,"15":0},"f":{"0":0,"1":0},"b":{"0":[0,0],"1":[0,0],"2":[0,0],"3":[0,0]}}
,"D:\\eadel-back\\src\\nodeMailer\\nodeMailer.module.ts": {"path":"D:\\eadel-back\\src\\nodeMailer\\nodeMailer.module.ts","statementMap":{"0":{"start":{"line":1,"column":0},"end":{"line":1,"column":40}},"1":{"start":{"line":2,"column":0},"end":{"line":2,"column":71}},"2":{"start":{"line":8,"column":0},"end":{"line":8,"column":null}},"3":{"start":{"line":8,"column":13},"end":{"line":8,"column":null}},"4":{"start":{"line":8,"column":13},"end":{"line":8,"column":29}}},"fnMap":{},"branchMap":{},"s":{"0":0,"1":0,"2":0,"3":0,"4":0},"f":{},"b":{}}
,"D:\\eadel-back\\src\\nodeMailer\\nodeMailer.service.ts": {"path":"D:\\eadel-back\\src\\nodeMailer\\nodeMailer.service.ts","statementMap":{"0":{"start":{"line":1,"column":0},"end":{"line":1,"column":44}},"1":{"start":{"line":2,"column":0},"end":{"line":2,"column":55}},"2":{"start":{"line":5,"column":0},"end":{"line":16,"column":null}},"3":{"start":{"line":6,"column":31},"end":{"line":6,"column":46}},"4":{"start":{"line":9,"column":4},"end":{"line":14,"column":7}},"5":{"start":{"line":5,"column":13},"end":{"line":16,"column":null}},"6":{"start":{"line":5,"column":13},"end":{"line":5,"column":30}}},"fnMap":{"0":{"name":"(anonymous_2)","decl":{"start":{"line":6,"column":2},"end":{"line":6,"column":31}},"loc":{"start":{"line":6,"column":59},"end":{"line":6,"column":63}}},"1":{"name":"(anonymous_3)","decl":{"start":{"line":8,"column":2},"end":{"line":8,"column":7}},"loc":{"start":{"line":8,"column":43},"end":{"line":15,"column":3}}}},"branchMap":{},"s":{"0":1,"1":1,"2":1,"3":0,"4":0,"5":1,"6":1},"f":{"0":0,"1":0},"b":{}}
,"D:\\eadel-back\\src\\user\\user.module.ts": {"path":"D:\\eadel-back\\src\\user\\user.module.ts","statementMap":{"0":{"start":{"line":1,"column":0},"end":{"line":1,"column":40}},"1":{"start":{"line":2,"column":0},"end":{"line":2,"column":48}},"2":{"start":{"line":3,"column":0},"end":{"line":3,"column":60}},"3":{"start":{"line":4,"column":0},"end":{"line":4,"column":55}},"4":{"start":{"line":5,"column":0},"end":{"line":5,"column":53}},"5":{"start":{"line":6,"column":0},"end":{"line":6,"column":54}},"6":{"start":{"line":13,"column":0},"end":{"line":13,"column":null}},"7":{"start":{"line":13,"column":13},"end":{"line":13,"column":null}},"8":{"start":{"line":13,"column":13},"end":{"line":13,"column":23}}},"fnMap":{},"branchMap":{},"s":{"0":0,"1":0,"2":0,"3":0,"4":0,"5":0,"6":0,"7":0,"8":0},"f":{},"b":{}}
,"D:\\eadel-back\\src\\user\\user.resolver.ts": {"path":"D:\\eadel-back\\src\\user\\user.resolver.ts","statementMap":{"0":{"start":{"line":1,"column":0},"end":{"line":1,"column":60}},"1":{"start":{"line":2,"column":0},"end":{"line":2,"column":null}},"2":{"start":{"line":5,"column":0},"end":{"line":5,"column":53}},"3":{"start":{"line":6,"column":0},"end":{"line":6,"column":68}},"4":{"start":{"line":7,"column":0},"end":{"line":7,"column":65}},"5":{"start":{"line":8,"column":0},"end":{"line":8,"column":52}},"6":{"start":{"line":9,"column":0},"end":{"line":9,"column":68}},"7":{"start":{"line":10,"column":0},"end":{"line":10,"column":59}},"8":{"start":{"line":11,"column":0},"end":{"line":11,"column":49}},"9":{"start":{"line":12,"column":0},"end":{"line":12,"column":59}},"10":{"start":{"line":13,"column":0},"end":{"line":13,"column":64}},"11":{"start":{"line":14,"column":0},"end":{"line":14,"column":77}},"12":{"start":{"line":15,"column":0},"end":{"line":15,"column":68}},"13":{"start":{"line":18,"column":0},"end":{"line":91,"column":null}},"14":{"start":{"line":19,"column":31},"end":{"line":19,"column":44}},"15":{"start":{"line":24,"column":4},"end":{"line":31,"column":null}},"16":{"start":{"line":25,"column":6},"end":{"line":25,"column":18}},"17":{"start":{"line":27,"column":6},"end":{"line":30,"column":8}},"18":{"start":{"line":39,"column":4},"end":{"line":46,"column":null}},"19":{"start":{"line":40,"column":6},"end":{"line":40,"column":67}},"20":{"start":{"line":42,"column":6},"end":{"line":45,"column":8}},"21":{"start":{"line":53,"column":4},"end":{"line":60,"column":null}},"22":{"start":{"line":54,"column":6},"end":{"line":54,"column":68}},"23":{"start":{"line":56,"column":6},"end":{"line":59,"column":8}},"24":{"start":{"line":65,"column":4},"end":{"line":72,"column":null}},"25":{"start":{"line":66,"column":6},"end":{"line":66,"column":52}},"26":{"start":{"line":68,"column":6},"end":{"line":71,"column":8}},"27":{"start":{"line":82,"column":4},"end":{"line":89,"column":null}},"28":{"start":{"line":83,"column":6},"end":{"line":83,"column":77}},"29":{"start":{"line":85,"column":6},"end":{"line":88,"column":8}},"30":{"start":{"line":23,"column":2},"end":{"line":32,"column":null}},"31":{"start":{"line":21,"column":15},"end":{"line":21,"column":25}},"32":{"start":{"line":36,"column":2},"end":{"line":47,"column":null}},"33":{"start":{"line":34,"column":15},"end":{"line":34,"column":34}},"34":{"start":{"line":50,"column":2},"end":{"line":61,"column":null}},"35":{"start":{"line":49,"column":18},"end":{"line":49,"column":30}},"36":{"start":{"line":64,"column":2},"end":{"line":73,"column":null}},"37":{"start":{"line":63,"column":18},"end":{"line":63,"column":34}},"38":{"start":{"line":78,"column":2},"end":{"line":90,"column":null}},"39":{"start":{"line":76,"column":18},"end":{"line":76,"column":30}},"40":{"start":{"line":18,"column":13},"end":{"line":91,"column":null}},"41":{"start":{"line":17,"column":16},"end":{"line":17,"column":26}},"42":{"start":{"line":18,"column":13},"end":{"line":18,"column":25}}},"fnMap":{"0":{"name":"(anonymous_4)","decl":{"start":{"line":19,"column":2},"end":{"line":19,"column":31}},"loc":{"start":{"line":19,"column":55},"end":{"line":19,"column":59}}},"1":{"name":"(anonymous_5)","decl":{"start":{"line":23,"column":2},"end":{"line":23,"column":9}},"loc":{"start":{"line":23,"column":34},"end":{"line":32,"column":3}}},"2":{"name":"(anonymous_6)","decl":{"start":{"line":36,"column":2},"end":{"line":36,"column":7}},"loc":{"start":{"line":37,"column":42},"end":{"line":47,"column":3}}},"3":{"name":"(anonymous_7)","decl":{"start":{"line":50,"column":2},"end":{"line":50,"column":7}},"loc":{"start":{"line":51,"column":53},"end":{"line":61,"column":3}}},"4":{"name":"(anonymous_8)","decl":{"start":{"line":64,"column":2},"end":{"line":64,"column":7}},"loc":{"start":{"line":64,"column":47},"end":{"line":73,"column":3}}},"5":{"name":"(anonymous_9)","decl":{"start":{"line":78,"column":2},"end":{"line":78,"column":7}},"loc":{"start":{"line":80,"column":53},"end":{"line":90,"column":3}}},"6":{"name":"(anonymous_10)","decl":{"start":{"line":21,"column":9},"end":{"line":21,"column":12}},"loc":{"start":{"line":21,"column":15},"end":{"line":21,"column":25}}},"7":{"name":"(anonymous_11)","decl":{"start":{"line":34,"column":9},"end":{"line":34,"column":12}},"loc":{"start":{"line":34,"column":15},"end":{"line":34,"column":34}}},"8":{"name":"(anonymous_12)","decl":{"start":{"line":49,"column":12},"end":{"line":49,"column":15}},"loc":{"start":{"line":49,"column":18},"end":{"line":49,"column":30}}},"9":{"name":"(anonymous_13)","decl":{"start":{"line":63,"column":12},"end":{"line":63,"column":15}},"loc":{"start":{"line":63,"column":18},"end":{"line":63,"column":34}}},"10":{"name":"(anonymous_14)","decl":{"start":{"line":76,"column":12},"end":{"line":76,"column":15}},"loc":{"start":{"line":76,"column":18},"end":{"line":76,"column":30}}},"11":{"name":"(anonymous_15)","decl":{"start":{"line":17,"column":10},"end":{"line":17,"column":13}},"loc":{"start":{"line":17,"column":16},"end":{"line":17,"column":26}}}},"branchMap":{},"s":{"0":0,"1":0,"2":0,"3":0,"4":0,"5":0,"6":0,"7":0,"8":0,"9":0,"10":0,"11":0,"12":0,"13":0,"14":0,"15":0,"16":0,"17":0,"18":0,"19":0,"20":0,"21":0,"22":0,"23":0,"24":0,"25":0,"26":0,"27":0,"28":0,"29":0,"30":0,"31":0,"32":0,"33":0,"34":0,"35":0,"36":0,"37":0,"38":0,"39":0,"40":0,"41":0,"42":0},"f":{"0":0,"1":0,"2":0,"3":0,"4":0,"5":0,"6":0,"7":0,"8":0,"9":0,"10":0,"11":0},"b":{}}
,"D:\\eadel-back\\src\\user\\user.service.ts": {"path":"D:\\eadel-back\\src\\user\\user.service.ts","statementMap":{"0":{"start":{"line":1,"column":0},"end":{"line":1,"column":44}},"1":{"start":{"line":2,"column":0},"end":{"line":2,"column":51}},"2":{"start":{"line":3,"column":0},"end":{"line":3,"column":37}},"3":{"start":{"line":4,"column":0},"end":{"line":4,"column":60}},"4":{"start":{"line":8,"column":0},"end":{"line":8,"column":33}},"5":{"start":{"line":10,"column":0},"end":{"line":10,"column":50}},"6":{"start":{"line":13,"column":0},"end":{"line":13,"column":56}},"7":{"start":{"line":16,"column":0},"end":{"line":117,"column":null}},"8":{"start":{"line":19,"column":21},"end":{"line":19,"column":37}},"9":{"start":{"line":20,"column":21},"end":{"line":20,"column":33}},"10":{"start":{"line":21,"column":21},"end":{"line":21,"column":35}},"11":{"start":{"line":27,"column":24},"end":{"line":29,"column":6}},"12":{"start":{"line":31,"column":4},"end":{"line":36,"column":null}},"13":{"start":{"line":32,"column":6},"end":{"line":35,"column":8}},"14":{"start":{"line":38,"column":17},"end":{"line":38,"column":67}},"15":{"start":{"line":40,"column":4},"end":{"line":40,"column":41}},"16":{"start":{"line":42,"column":4},"end":{"line":42,"column":46}},"17":{"start":{"line":44,"column":4},"end":{"line":46,"column":6}},"18":{"start":{"line":50,"column":17},"end":{"line":52,"column":null}},"19":{"start":{"line":55,"column":4},"end":{"line":60,"column":null}},"20":{"start":{"line":56,"column":6},"end":{"line":59,"column":8}},"21":{"start":{"line":62,"column":30},"end":{"line":62,"column":70}},"22":{"start":{"line":64,"column":4},"end":{"line":69,"column":null}},"23":{"start":{"line":65,"column":6},"end":{"line":68,"column":8}},"24":{"start":{"line":71,"column":18},"end":{"line":71,"column":55}},"25":{"start":{"line":73,"column":4},"end":{"line":76,"column":6}},"26":{"start":{"line":80,"column":4},"end":{"line":80,"column":51}},"27":{"start":{"line":84,"column":17},"end":{"line":84,"column":54}},"28":{"start":{"line":85,"column":4},"end":{"line":90,"column":null}},"29":{"start":{"line":86,"column":6},"end":{"line":89,"column":8}},"30":{"start":{"line":91,"column":4},"end":{"line":94,"column":6}},"31":{"start":{"line":101,"column":17},"end":{"line":101,"column":58}},"32":{"start":{"line":102,"column":21},"end":{"line":102,"column":56}},"33":{"start":{"line":104,"column":4},"end":{"line":106,"column":null}},"34":{"start":{"line":105,"column":6},"end":{"line":105,"column":73}},"35":{"start":{"line":108,"column":4},"end":{"line":110,"column":null}},"36":{"start":{"line":109,"column":6},"end":{"line":109,"column":49}},"37":{"start":{"line":112,"column":4},"end":{"line":112,"column":48}},"38":{"start":{"line":113,"column":4},"end":{"line":115,"column":6}},"39":{"start":{"line":16,"column":13},"end":{"line":117,"column":null}},"40":{"start":{"line":16,"column":13},"end":{"line":16,"column":24}}},"fnMap":{"0":{"name":"(anonymous_4)","decl":{"start":{"line":17,"column":2},"end":{"line":17,"column":null}},"loc":{"start":{"line":21,"column":47},"end":{"line":22,"column":6}}},"1":{"name":"(anonymous_5)","decl":{"start":{"line":24,"column":2},"end":{"line":24,"column":7}},"loc":{"start":{"line":25,"column":38},"end":{"line":47,"column":3}}},"2":{"name":"(anonymous_6)","decl":{"start":{"line":49,"column":2},"end":{"line":49,"column":7}},"loc":{"start":{"line":49,"column":43},"end":{"line":77,"column":3}}},"3":{"name":"(anonymous_7)","decl":{"start":{"line":79,"column":2},"end":{"line":79,"column":7}},"loc":{"start":{"line":79,"column":44},"end":{"line":81,"column":3}}},"4":{"name":"(anonymous_8)","decl":{"start":{"line":83,"column":2},"end":{"line":83,"column":7}},"loc":{"start":{"line":83,"column":30},"end":{"line":95,"column":3}}},"5":{"name":"(anonymous_9)","decl":{"start":{"line":97,"column":2},"end":{"line":97,"column":7}},"loc":{"start":{"line":99,"column":38},"end":{"line":116,"column":3}}}},"branchMap":{"0":{"loc":{"start":{"line":31,"column":4},"end":{"line":36,"column":null}},"type":"if","locations":[{"start":{"line":31,"column":4},"end":{"line":36,"column":null}},{"start":{"line":31,"column":4},"end":{"line":36,"column":null}}]},"1":{"loc":{"start":{"line":55,"column":4},"end":{"line":60,"column":null}},"type":"if","locations":[{"start":{"line":55,"column":4},"end":{"line":60,"column":null}},{"start":{"line":55,"column":4},"end":{"line":60,"column":null}}]},"2":{"loc":{"start":{"line":64,"column":4},"end":{"line":69,"column":null}},"type":"if","locations":[{"start":{"line":64,"column":4},"end":{"line":69,"column":null}},{"start":{"line":64,"column":4},"end":{"line":69,"column":null}}]},"3":{"loc":{"start":{"line":85,"column":4},"end":{"line":90,"column":null}},"type":"if","locations":[{"start":{"line":85,"column":4},"end":{"line":90,"column":null}},{"start":{"line":85,"column":4},"end":{"line":90,"column":null}}]},"4":{"loc":{"start":{"line":104,"column":4},"end":{"line":106,"column":null}},"type":"if","locations":[{"start":{"line":104,"column":4},"end":{"line":106,"column":null}},{"start":{"line":104,"column":4},"end":{"line":106,"column":null}}]},"5":{"loc":{"start":{"line":108,"column":4},"end":{"line":110,"column":null}},"type":"if","locations":[{"start":{"line":108,"column":4},"end":{"line":110,"column":null}},{"start":{"line":108,"column":4},"end":{"line":110,"column":null}}]}},"s":{"0":1,"1":1,"2":1,"3":1,"4":1,"5":1,"6":1,"7":1,"8":10,"9":10,"10":10,"11":2,"12":2,"13":1,"14":1,"15":1,"16":1,"17":1,"18":3,"19":3,"20":1,"21":2,"22":2,"23":1,"24":1,"25":1,"26":0,"27":2,"28":2,"29":1,"30":1,"31":2,"32":2,"33":2,"34":1,"35":2,"36":1,"37":2,"38":2,"39":1,"40":1},"f":{"0":10,"1":2,"2":3,"3":0,"4":2,"5":2},"b":{"0":[1,1],"1":[1,2],"2":[1,1],"3":[1,1],"4":[1,1],"5":[1,1]}}
}
